<?xml version="1.0" encoding="UTF-8"?>
<!-- Generated by org.testng.reporters.JUnitReportReporter -->
<testsuite hostname="PUNHWD11943" name="com.autobots.test.AutoTest" tests="1" failures="0" timestamp="6 Dec 2018 15:18:00 GMT" time="18.324" errors="0">
  <testcase name="testMethod" time="18.324" classname="com.autobots.test.AutoTest"/>
</testsuite> <!-- com.autobots.test.AutoTest -->
